<?xml version="1.0" encoding="UTF-8"?>
<!-- Generated by org.testng.reporters.JUnitReportReporter -->
<testsuite hostname="000D2022019" failures="0" tests="1" name="com.qa.tests.Test2" time="4.048" errors="0" timestamp="2022-08-05T22:57:25 PST" skipped="0">
  <testcase classname="com.qa.tests.Test2" name="clearHomepage" time="4.048"/>
  <system-out/>
</testsuite> <!-- com.qa.tests.Test2 -->
