<?xml version="1.0" encoding="UTF-8"?>
<!-- Generated by org.testng.reporters.JUnitReportReporter -->
<testsuite hostname="000D2022019" failures="0" tests="2" name="com.qa.tests.LogoutTest" time="9.667" errors="0" timestamp="2022-08-30T15:04:56 SGT" skipped="0">
  <testcase classname="com.qa.tests.LogoutTest" name="logoutAccount" time="7.585"/>
  <system-out/>
  <testcase classname="com.qa.tests.LogoutTest" name="verifyLogout" time="2.082"/>
  <system-out/>
</testsuite> <!-- com.qa.tests.LogoutTest -->
