<?xml version="1.0" encoding="UTF-8"?>
<!-- Generated by org.testng.reporters.JUnitReportReporter -->
<testsuite hostname="000D2022019" failures="0" tests="2" name="com.qa.tests.TestClass" time="22.680" errors="0" timestamp="2022-08-05T15:45:18 PST" skipped="0">
  <testcase classname="com.qa.tests.TestClass" name="addToCartMultipleProducts" time="7.772"/>
  <system-out/>
  <testcase classname="com.qa.tests.TestClass" name="buyNowGMCash" time="14.908"/>
  <system-out/>
</testsuite> <!-- com.qa.tests.TestClass -->
