<?xml version="1.0" encoding="UTF-8"?>
<!-- Generated by org.testng.reporters.JUnitReportReporter -->
<testsuite hostname="000D2022019" failures="0" tests="3" name="com.qa.tests.CheckoutTests" time="102.365" errors="0" timestamp="2022-08-05T19:05:29 PST" skipped="0">
  <testcase classname="com.qa.tests.CheckoutTests" name="checkoutShopFromOverallCartViaCreditDebit" time="48.178"/>
  <system-out/>
  <testcase classname="com.qa.tests.CheckoutTests" name="addToCartMultipleProducts" time="44.543"/>
  <system-out/>
  <testcase classname="com.qa.tests.CheckoutTests" name="verifyOrder" time="9.644"/>
  <system-out/>
</testsuite> <!-- com.qa.tests.CheckoutTests -->
