<?xml version="1.0" encoding="UTF-8"?>
<!-- Generated by org.testng.reporters.JUnitReportReporter -->
<testsuite hostname="000D2022019" failures="0" tests="4" name="com.qa.tests.GMCheckoutTest" time="122.837" errors="0" timestamp="2022-08-30T15:04:56 SGT" skipped="0">
  <testcase classname="com.qa.tests.GMCheckoutTest" name="addToCartMultipleProducts" time="50.560"/>
  <system-out/>
  <testcase classname="com.qa.tests.GMCheckoutTest" name="verifyAddedMultipleProducts" time="6.910"/>
  <system-out/>
  <testcase classname="com.qa.tests.GMCheckoutTest" name="checkoutFromShopCartViaSavedCC" time="62.356"/>
  <system-out/>
  <testcase classname="com.qa.tests.GMCheckoutTest" name="verifyOrder" time="3.011"/>
  <system-out/>
</testsuite> <!-- com.qa.tests.GMCheckoutTest -->
