<?xml version="1.0" encoding="UTF-8"?>
<!-- Generated by org.testng.reporters.JUnitReportReporter -->
<testsuite hostname="000D2022019" failures="0" tests="2" name="com.qa.tests.FoodCheckoutTest" time="35.003" errors="0" timestamp="2022-08-30T15:42:58 SGT" skipped="0">
  <testcase classname="com.qa.tests.FoodCheckoutTest" name="clearHomepage" time="15.061"/>
  <system-out/>
  <testcase classname="com.qa.tests.FoodCheckoutTest" name="selectProduct" time="19.942"/>
  <system-out/>
</testsuite> <!-- com.qa.tests.FoodCheckoutTest -->
